<?xml version="1.0" encoding="UTF-8"?>
<coverage generated="1594461293831" clover="3.2.0">
  <project timestamp="1594461293831" name="All files">
    <metrics statements="22" coveredstatements="22" conditionals="6" coveredconditionals="5" methods="4" coveredmethods="4" elements="32" coveredelements="31" complexity="0" loc="22" ncloc="22" packages="1" files="1" classes="1"/>
    <file name="galactic-age.js" path="/Users/thekidnamedkd/Desktop/super-galactic-age-calculator/src/galactic-age.js">
      <metrics statements="22" coveredstatements="22" conditionals="6" coveredconditionals="5" methods="4" coveredmethods="4"/>
      <line num="3" count="28" type="stmt"/>
      <line num="4" count="28" type="stmt"/>
      <line num="5" count="28" type="stmt"/>
      <line num="6" count="28" type="stmt"/>
      <line num="7" count="28" type="stmt"/>
      <line num="8" count="28" type="stmt"/>
      <line num="9" count="28" type="stmt"/>
      <line num="13" count="28" type="cond" truecount="2" falsecount="0"/>
      <line num="14" count="3" type="stmt"/>
      <line num="15" count="25" type="cond" truecount="2" falsecount="0"/>
      <line num="16" count="22" type="stmt"/>
      <line num="17" count="3" type="cond" truecount="1" falsecount="1"/>
      <line num="18" count="3" type="stmt"/>
      <line num="20" count="28" type="stmt"/>
      <line num="24" count="28" type="stmt"/>
      <line num="25" count="28" type="stmt"/>
      <line num="26" count="224" type="stmt"/>
      <line num="28" count="28" type="stmt"/>
      <line num="32" count="28" type="stmt"/>
      <line num="33" count="28" type="stmt"/>
      <line num="34" count="224" type="stmt"/>
      <line num="36" count="28" type="stmt"/>
    </file>
  </project>
</coverage>
