{"/Users/thekidnamedkd/Desktop/super-galactic-age-calculator/src/galactic-age.js": {"path":"/Users/thekidnamedkd/Desktop/super-galactic-age-calculator/src/galactic-age.js","statementMap":{"0":{"start":{"line":3,"column":4},"end":{"line":3,"column":19}},"1":{"start":{"line":4,"column":4},"end":{"line":4,"column":25}},"2":{"start":{"line":5,"column":4},"end":{"line":5,"column":70}},"3":{"start":{"line":7,"column":4},"end":{"line":7,"column":60}},"4":{"start":{"line":8,"column":4},"end":{"line":8,"column":58}},"5":{"start":{"line":9,"column":4},"end":{"line":9,"column":56}},"6":{"start":{"line":10,"column":4},"end":{"line":10,"column":58}},"7":{"start":{"line":11,"column":4},"end":{"line":11,"column":62}},"8":{"start":{"line":12,"column":4},"end":{"line":12,"column":61}},"9":{"start":{"line":13,"column":4},"end":{"line":13,"column":61}},"10":{"start":{"line":14,"column":4},"end":{"line":14,"column":62}},"11":{"start":{"line":16,"column":4},"end":{"line":16,"column":67}},"12":{"start":{"line":17,"column":4},"end":{"line":17,"column":63}},"13":{"start":{"line":18,"column":4},"end":{"line":18,"column":63}},"14":{"start":{"line":19,"column":4},"end":{"line":19,"column":61}},"15":{"start":{"line":20,"column":4},"end":{"line":20,"column":67}},"16":{"start":{"line":21,"column":4},"end":{"line":21,"column":65}},"17":{"start":{"line":22,"column":4},"end":{"line":22,"column":65}},"18":{"start":{"line":23,"column":4},"end":{"line":23,"column":67}},"19":{"start":{"line":25,"column":4},"end":{"line":25,"column":53}},"20":{"start":{"line":29,"column":21},"end":{"line":29,"column":23}},"21":{"start":{"line":30,"column":4},"end":{"line":32,"column":5}},"22":{"start":{"line":30,"column":15},"end":{"line":30,"column":16}},"23":{"start":{"line":31,"column":6},"end":{"line":31,"column":79}},"24":{"start":{"line":33,"column":4},"end":{"line":33,"column":22}}},"fnMap":{"0":{"name":"(anonymous_0)","decl":{"start":{"line":2,"column":2},"end":{"line":2,"column":3}},"loc":{"start":{"line":2,"column":28},"end":{"line":26,"column":3}},"line":2},"1":{"name":"(anonymous_1)","decl":{"start":{"line":28,"column":2},"end":{"line":28,"column":3}},"loc":{"start":{"line":28,"column":20},"end":{"line":34,"column":3}},"line":28}},"branchMap":{},"s":{"0":27,"1":27,"2":27,"3":27,"4":27,"5":27,"6":27,"7":27,"8":27,"9":27,"10":27,"11":27,"12":27,"13":27,"14":27,"15":27,"16":27,"17":27,"18":27,"19":27,"20":27,"21":27,"22":27,"23":216,"24":27},"f":{"0":27,"1":27},"b":{},"_coverageSchema":"43e27e138ebf9cfc5966b082cf9a028302ed4184","hash":"1dab80aaddab16267199bfafec891a325edb947a"}
}
