TN:
SF:/Users/thekidnamedkd/Desktop/super-galactic-age-calculator/src/galactic-age.js
FN:2,(anonymous_0)
FN:12,(anonymous_1)
FN:23,(anonymous_2)
FN:31,(anonymous_3)
FNF:4
FNH:4
FNDA:28,(anonymous_0)
FNDA:28,(anonymous_1)
FNDA:28,(anonymous_2)
FNDA:28,(anonymous_3)
DA:3,28
DA:4,28
DA:5,28
DA:6,28
DA:7,28
DA:8,28
DA:9,28
DA:13,28
DA:14,3
DA:15,25
DA:16,22
DA:17,3
DA:18,3
DA:20,28
DA:24,28
DA:25,28
DA:26,224
DA:28,28
DA:32,28
DA:33,28
DA:34,224
DA:36,28
LF:22
LH:22
BRDA:13,0,0,3
BRDA:13,0,1,25
BRDA:15,1,0,22
BRDA:15,1,1,3
BRDA:17,2,0,3
BRDA:17,2,1,0
BRF:6
BRH:5
end_of_record
