TN:
SF:/Users/thekidnamedkd/Desktop/super-galactic-age-calculator/src/galactic-age.js
FN:2,(anonymous_0)
FN:12,(anonymous_1)
FN:23,(anonymous_2)
FN:31,(anonymous_3)
FNF:4
FNH:4
FNDA:19,(anonymous_0)
FNDA:19,(anonymous_1)
FNDA:19,(anonymous_2)
FNDA:19,(anonymous_3)
DA:3,19
DA:4,19
DA:5,19
DA:6,19
DA:7,19
DA:8,19
DA:9,19
DA:13,19
DA:14,0
DA:15,19
DA:16,0
DA:17,19
DA:18,0
DA:20,19
DA:24,19
DA:25,19
DA:26,152
DA:28,19
DA:32,19
DA:33,19
DA:34,152
DA:36,19
LF:22
LH:19
BRDA:13,0,0,0
BRDA:13,0,1,19
BRDA:15,1,0,0
BRDA:15,1,1,19
BRDA:17,2,0,0
BRDA:17,2,1,19
BRF:6
BRH:3
end_of_record
